<?xml version="1.0" encoding="UTF-8"?>
<!-- Generated by org.testng.reporters.JUnitReportReporter -->
<testsuite hostname="TechMs-MacBook-Pro.local" failures="0" tests="9" name="books.BookCompany" time="7.321" errors="0" timestamp="2022-03-12T10:36:41 PST" skipped="0">
  <testcase classname="books.BookCompany" name="availableBooks" time="1.341"/>
  <system-out/>
  <testcase classname="books.BookCompany" name="vieaAllOrders" time="0.708"/>
  <system-out/>
  <testcase classname="books.BookCompany" name="viewAllBooks" time="0.854"/>
  <system-out/>
  <testcase classname="books.BookCompany" name="typeBooks" time="0.540"/>
  <system-out/>
  <testcase classname="books.BookCompany" name="placeOrder" time="0.822"/>
  <system-out/>
  <testcase classname="books.BookCompany" name="viewBook" time="0.459"/>
  <system-out/>
  <testcase classname="books.BookCompany" name="fiveBooksPerPage" time="0.746"/>
  <system-out/>
  <testcase classname="books.BookCompany" name="createProfile" time="1.033"/>
  <system-out/>
  <testcase classname="books.BookCompany" name="logIn" time="0.818"/>
  <system-out/>
</testsuite> <!-- books.BookCompany -->
