<?xml version="1.0" encoding="UTF-8"?>
<!-- Generated by org.testng.reporters.JUnitReportReporter -->
<testsuite hostname="TechMs-MacBook-Pro.local" failures="0" tests="1" name="bookCompany.BookCompany" time="1.516" errors="0" timestamp="2022-03-10T13:17:49 PST" skipped="0">
  <testcase classname="bookCompany.BookCompany" name="vieaAllOrders" time="1.516"/>
  <system-out/>
</testsuite> <!-- bookCompany.BookCompany -->
